# JRE version: OpenJDK Runtime Environment (11.0.20.1+1) (build 11.0.20.1+1-post-Ubuntu-0ubuntu122.04)
# Java VM: OpenJDK 64-Bit Server VM (11.0.20.1+1-post-Ubuntu-0ubuntu122.04, mixed mode, sharing, tiered, compressed oops, g1 gc, linux-amd64)
Heap:
 garbage-first heap   total 431104K, used 279634K [0x00000000c0000000, 0x0000000100000000)
  region size 1024K, 218 young (223232K), 22 survivors (22528K)
 Metaspace       used 10201K, capacity 12192K, committed 12544K, reserved 1060864K
  class space    used 1592K, capacity 1945K, committed 2048K, reserved 1048576K
GC Heap History (20 events):
Event: 41.025 GC heap before
{Heap before GC invocations=36 (full 7):
 garbage-first heap   total 36864K, used 24732K [0x00000000c0000000, 0x0000000100000000)
  region size 1024K, 6 young (6144K), 1 survivors (1024K)
 Metaspace       used 8051K, capacity 10204K, committed 10240K, reserved 1058816K
  class space    used 1216K, capacity 1509K, committed 1536K, reserved 1048576K
}
Event: 41.027 GC heap after
{Heap after GC invocations=37 (full 7):
 garbage-first heap   total 70656K, used 20112K [0x00000000c0000000, 0x0000000100000000)
  region size 1024K, 1 young (1024K), 1 survivors (1024K)
 Metaspace       used 8051K, capacity 10204K, committed 10240K, reserved 1058816K
  class space    used 1216K, capacity 1509K, committed 1536K, reserved 1048576K
}
Event: 41.070 GC heap before
{Heap before GC invocations=38 (full 7):
 garbage-first heap   total 70656K, used 36496K [0x00000000c0000000, 0x0000000100000000)
  region size 1024K, 17 young (17408K), 1 survivors (1024K)
 Metaspace       used 8068K, capacity 10209K, committed 10240K, reserved 1058816K
  class space    used 1218K, capacity 1512K, committed 1536K, reserved 1048576K
}
Event: 41.073 GC heap after
{Heap after GC invocations=39 (full 7):
 garbage-first heap   total 70656K, used 21505K [0x00000000c0000000, 0x0000000100000000)
  region size 1024K, 2 young (2048K), 2 survivors (2048K)
 Metaspace       used 8068K, capacity 10209K, committed 10240K, reserved 1058816K
  class space    used 1218K, capacity 1512K, committed 1536K, reserved 1048576K
}
Event: 41.107 GC heap before
{Heap before GC invocations=39 (full 7):
 garbage-first heap   total 70656K, used 39937K [0x00000000c0000000, 0x0000000100000000)
  region size 1024K, 20 young (20480K), 2 survivors (2048K)
 Metaspace       used 8072K, capacity 10209K, committed 10240K, reserved 1058816K
  class space    used 1218K, capacity 1512K, committed 1536K, reserved 1048576K
}
Event: 41.113 GC heap after
{Heap after GC invocations=40 (full 7):
 garbage-first heap   total 70656K, used 23199K [0x00000000c0000000, 0x0000000100000000)
  region size 1024K, 2 young (2048K), 2 survivors (2048K)
 Metaspace       used 8072K, capacity 10209K, committed 10240K, reserved 1058816K
  class space    used 1218K, capacity 1512K, committed 1536K, reserved 1048576K
}
Event: 41.150 GC heap before
{Heap before GC invocations=40 (full 7):
 garbage-first heap   total 70656K, used 41631K [0x00000000c0000000, 0x0000000100000000)
  region size 1024K, 20 young (20480K), 2 survivors (2048K)
 Metaspace       used 8078K, capacity 10209K, committed 10240K, reserved 1058816K
  class space    used 1218K, capacity 1512K, committed 1536K, reserved 1048576K
}
Event: 41.156 GC heap after
{Heap after GC invocations=41 (full 7):
 garbage-first heap   total 70656K, used 25350K [0x00000000c0000000, 0x0000000100000000)
  region size 1024K, 3 young (3072K), 3 survivors (3072K)
 Metaspace       used 8078K, capacity 10209K, committed 10240K, reserved 1058816K
  class space    used 1218K, capacity 1512K, committed 1536K, reserved 1048576K
}
Event: 41.224 GC heap before
{Heap before GC invocations=41 (full 7):
 garbage-first heap   total 70656K, used 45830K [0x00000000c0000000, 0x0000000100000000)
  region size 1024K, 21 young (21504K), 3 survivors (3072K)
 Metaspace       used 8238K, capacity 10411K, committed 10624K, reserved 1058816K
  class space    used 1265K, capacity 1580K, committed 1664K, reserved 1048576K
}
Event: 41.233 GC heap after
{Heap after GC invocations=42 (full 7):
 garbage-first heap   total 159744K, used 30805K [0x00000000c0000000, 0x0000000100000000)
  region size 1024K, 3 young (3072K), 3 survivors (3072K)
 Metaspace       used 8238K, capacity 10411K, committed 10624K, reserved 1058816K
  class space    used 1265K, capacity 1580K, committed 1664K, reserved 1048576K
}
Event: 41.326 GC heap before
{Heap before GC invocations=42 (full 7):
 garbage-first heap   total 159744K, used 75861K [0x00000000c0000000, 0x0000000100000000)
  region size 1024K, 47 young (48128K), 3 survivors (3072K)
 Metaspace       used 8257K, capacity 10424K, committed 10624K, reserved 1058816K
  class space    used 1269K, capacity 1586K, committed 1664K, reserved 1048576K
}
Event: 41.334 GC heap after
{Heap after GC invocations=43 (full 7):
 garbage-first heap   total 159744K, used 34915K [0x00000000c0000000, 0x0000000100000000)
  region size 1024K, 6 young (6144K), 6 survivors (6144K)
 Metaspace       used 8257K, capacity 10424K, committed 10624K, reserved 1058816K
  class space    used 1269K, capacity 1586K, committed 1664K, reserved 1048576K
}
Event: 41.428 GC heap before
{Heap before GC invocations=43 (full 7):
 garbage-first heap   total 159744K, used 91235K [0x00000000c0000000, 0x0000000100000000)
  region size 1024K, 61 young (62464K), 6 survivors (6144K)
 Metaspace       used 8262K, capacity 10427K, committed 10624K, reserved 1058816K
  class space    used 1269K, capacity 1586K, committed 1664K, reserved 1048576K
}
Event: 41.447 GC heap after
{Heap after GC invocations=44 (full 7):
 garbage-first heap   total 159744K, used 40145K [0x00000000c0000000, 0x0000000100000000)
  region size 1024K, 8 young (8192K), 8 survivors (8192K)
 Metaspace       used 8262K, capacity 10427K, committed 10624K, reserved 1058816K
  class space    used 1269K, capacity 1586K, committed 1664K, reserved 1048576K
}
Event: 43.226 GC heap before
{Heap before GC invocations=44 (full 7):
 garbage-first heap   total 159744K, used 114897K [0x00000000c0000000, 0x0000000100000000)
  region size 1024K, 69 young (70656K), 8 survivors (8192K)
 Metaspace       used 9387K, capacity 11389K, committed 11648K, reserved 1058816K
  class space    used 1468K, capacity 1813K, committed 1920K, reserved 1048576K
}
Event: 43.266 GC heap after
{Heap after GC invocations=45 (full 7):
 garbage-first heap   total 159744K, used 55462K [0x00000000c0000000, 0x0000000100000000)
  region size 1024K, 9 young (9216K), 9 survivors (9216K)
 Metaspace       used 9387K, capacity 11389K, committed 11648K, reserved 1058816K
  class space    used 1468K, capacity 1813K, committed 1920K, reserved 1048576K
}
Event: 43.454 GC heap before
{Heap before GC invocations=45 (full 7):
 garbage-first heap   total 159744K, used 114854K [0x00000000c0000000, 0x0000000100000000)
  region size 1024K, 66 young (67584K), 9 survivors (9216K)
 Metaspace       used 9858K, capacity 11833K, committed 11904K, reserved 1058816K
  class space    used 1531K, capacity 1867K, committed 1920K, reserved 1048576K
}
Event: 43.473 GC heap after
{Heap after GC invocations=46 (full 7):
 garbage-first heap   total 431104K, used 65349K [0x00000000c0000000, 0x0000000100000000)
  region size 1024K, 9 young (9216K), 9 survivors (9216K)
 Metaspace       used 9858K, capacity 11833K, committed 11904K, reserved 1058816K
  class space    used 1531K, capacity 1867K, committed 1920K, reserved 1048576K
}
Event: 180.312 GC heap before
{Heap before GC invocations=46 (full 7):
 garbage-first heap   total 431104K, used 232261K [0x00000000c0000000, 0x0000000100000000)
  region size 1024K, 172 young (176128K), 9 survivors (9216K)
 Metaspace       used 9950K, capacity 11936K, committed 12160K, reserved 1058816K
  class space    used 1567K, capacity 1902K, committed 1920K, reserved 1048576K
}
Event: 180.542 GC heap after
{Heap after GC invocations=47 (full 7):
 garbage-first heap   total 431104K, used 79954K [0x00000000c0000000, 0x0000000100000000)
  region size 1024K, 22 young (22528K), 22 survivors (22528K)
 Metaspace       used 9950K, capacity 11936K, committed 12160K, reserved 1058816K
  class space    used 1567K, capacity 1902K, committed 1920K, reserved 1048576K
}

